This is pdfTeX, Version 3.141592653-2.6-1.40.22 (TeX Live 2022/dev/Debian) (preloaded format=pdflatex 2024.3.14)  16 MAY 2024 10:50
entering extended mode
 restricted \write18 enabled.
 %&-line parsing enabled.
**figures.tex
(./figures.tex
LaTeX2e <2021-11-15> patch level 1
L3 programming layer <2022-01-21>
(/usr/share/texlive/texmf-dist/tex/latex/base/report.cls
Document Class: report 2021/10/04 v1.4n Standard LaTeX document class
(/usr/share/texlive/texmf-dist/tex/latex/base/size12.clo
File: size12.clo 2021/10/04 v1.4n Standard LaTeX file (size option)
)
\c@part=\count185
\c@chapter=\count186
\c@section=\count187
\c@subsection=\count188
\c@subsubsection=\count189
\c@paragraph=\count190
\c@subparagraph=\count191
\c@figure=\count192
\c@table=\count193
\abovecaptionskip=\skip47
\belowcaptionskip=\skip48
\bibindent=\dimen138
)
(/usr/share/texlive/texmf-dist/tex/latex/amsmath/amsmath.sty
Package: amsmath 2021/10/15 v2.17l AMS math features
\@mathmargin=\skip49

For additional information on amsmath, use the `?' option.
(/usr/share/texlive/texmf-dist/tex/latex/amsmath/amstext.sty
Package: amstext 2021/08/26 v2.01 AMS text

(/usr/share/texlive/texmf-dist/tex/latex/amsmath/amsgen.sty
File: amsgen.sty 1999/11/30 v2.0 generic functions
\@emptytoks=\toks16
\ex@=\dimen139
))
(/usr/share/texlive/texmf-dist/tex/latex/amsmath/amsbsy.sty
Package: amsbsy 1999/11/29 v1.2d Bold Symbols
\pmbraise@=\dimen140
)
(/usr/share/texlive/texmf-dist/tex/latex/amsmath/amsopn.sty
Package: amsopn 2021/08/26 v2.02 operator names
)
\inf@bad=\count194
LaTeX Info: Redefining \frac on input line 234.
\uproot@=\count195
\leftroot@=\count196
LaTeX Info: Redefining \overline on input line 399.
\classnum@=\count197
\DOTSCASE@=\count198
LaTeX Info: Redefining \ldots on input line 496.
LaTeX Info: Redefining \dots on input line 499.
LaTeX Info: Redefining \cdots on input line 620.
\Mathstrutbox@=\box50
\strutbox@=\box51
\big@size=\dimen141
LaTeX Font Info:    Redeclaring font encoding OML on input line 743.
LaTeX Font Info:    Redeclaring font encoding OMS on input line 744.
\macc@depth=\count199
\c@MaxMatrixCols=\count266
\dotsspace@=\muskip16
\c@parentequation=\count267
\dspbrk@lvl=\count268
\tag@help=\toks17
\row@=\count269
\column@=\count270
\maxfields@=\count271
\andhelp@=\toks18
\eqnshift@=\dimen142
\alignsep@=\dimen143
\tagshift@=\dimen144
\tagwidth@=\dimen145
\totwidth@=\dimen146
\lineht@=\dimen147
\@envbody=\toks19
\multlinegap=\skip50
\multlinetaggap=\skip51
\mathdisplay@stack=\toks20
LaTeX Info: Redefining \[ on input line 2938.
LaTeX Info: Redefining \] on input line 2939.
)
(/usr/share/texlive/texmf-dist/tex/latex/amsfonts/amsfonts.sty
Package: amsfonts 2013/01/14 v3.01 Basic AMSFonts support
\symAMSa=\mathgroup4
\symAMSb=\mathgroup5
LaTeX Font Info:    Redeclaring math symbol \hbar on input line 98.
LaTeX Font Info:    Overwriting math alphabet `\mathfrak' in version `bold'
(Font)                  U/euf/m/n --> U/euf/b/n on input line 106.
)
(/usr/share/texlive/texmf-dist/tex/latex/amsfonts/amssymb.sty
Package: amssymb 2013/01/14 v3.01 AMS font symbols
)
(/usr/share/texlive/texmf-dist/tex/latex/graphics/graphicx.sty
Package: graphicx 2021/09/16 v1.2d Enhanced LaTeX Graphics (DPC,SPQR)

(/usr/share/texlive/texmf-dist/tex/latex/graphics/keyval.sty
Package: keyval 2014/10/28 v1.15 key=value parser (DPC)
\KV@toks@=\toks21
)
(/usr/share/texlive/texmf-dist/tex/latex/graphics/graphics.sty
Package: graphics 2021/03/04 v1.4d Standard LaTeX Graphics (DPC,SPQR)

(/usr/share/texlive/texmf-dist/tex/latex/graphics/trig.sty
Package: trig 2021/08/11 v1.11 sin cos tan (DPC)
)
(/usr/share/texlive/texmf-dist/tex/latex/graphics-cfg/graphics.cfg
File: graphics.cfg 2016/06/04 v1.11 sample graphics configuration
)
Package graphics Info: Driver file: pdftex.def on input line 107.

(/usr/share/texlive/texmf-dist/tex/latex/graphics-def/pdftex.def
File: pdftex.def 2020/10/05 v1.2a Graphics/color driver for pdftex
))
\Gin@req@height=\dimen148
\Gin@req@width=\dimen149
)
(/usr/share/texlive/texmf-dist/tex/latex/caption/subcaption.sty
Package: subcaption 2020/10/07 v1.3j Sub-captions (AR)

(/usr/share/texlive/texmf-dist/tex/latex/caption/caption.sty
Package: caption 2020/10/26 v3.5g Customizing captions (AR)

(/usr/share/texlive/texmf-dist/tex/latex/caption/caption3.sty
Package: caption3 2020/10/21 v2.2e caption3 kernel (AR)
\captionmargin=\dimen150
\captionmargin@=\dimen151
\captionwidth=\dimen152
\caption@tempdima=\dimen153
\caption@indent=\dimen154
\caption@parindent=\dimen155
\caption@hangindent=\dimen156
Package caption Info: Standard document class detected.
)
\c@caption@flags=\count272
\c@continuedfloat=\count273
)
\c@subfigure=\count274
\c@subtable=\count275
)
(/usr/share/texlive/texmf-dist/tex/latex/geometry/geometry.sty
Package: geometry 2020/01/02 v5.9 Page Geometry

(/usr/share/texlive/texmf-dist/tex/generic/iftex/ifvtex.sty
Package: ifvtex 2019/10/25 v1.7 ifvtex legacy package. Use iftex instead.

(/usr/share/texlive/texmf-dist/tex/generic/iftex/iftex.sty
Package: iftex 2020/03/06 v1.0d TeX engine tests
))
\Gm@cnth=\count276
\Gm@cntv=\count277
\c@Gm@tempcnt=\count278
\Gm@bindingoffset=\dimen157
\Gm@wd@mp=\dimen158
\Gm@odd@mp=\dimen159
\Gm@even@mp=\dimen160
\Gm@layoutwidth=\dimen161
\Gm@layoutheight=\dimen162
\Gm@layouthoffset=\dimen163
\Gm@layoutvoffset=\dimen164
\Gm@dimlist=\toks22
)
(/usr/share/texlive/texmf-dist/tex/latex/l3backend/l3backend-pdftex.def
File: l3backend-pdftex.def 2022-01-12 L3 backend support: PDF output (pdfTeX)
\l__color_backend_stack_int=\count279
\l__pdf_internal_box=\box52
)
(build/figures.aux)
\openout1 = `figures.aux'.

LaTeX Font Info:    Checking defaults for OML/cmm/m/it on input line 11.
LaTeX Font Info:    ... okay on input line 11.
LaTeX Font Info:    Checking defaults for OMS/cmsy/m/n on input line 11.
LaTeX Font Info:    ... okay on input line 11.
LaTeX Font Info:    Checking defaults for OT1/cmr/m/n on input line 11.
LaTeX Font Info:    ... okay on input line 11.
LaTeX Font Info:    Checking defaults for T1/cmr/m/n on input line 11.
LaTeX Font Info:    ... okay on input line 11.
LaTeX Font Info:    Checking defaults for TS1/cmr/m/n on input line 11.
LaTeX Font Info:    ... okay on input line 11.
LaTeX Font Info:    Checking defaults for OMX/cmex/m/n on input line 11.
LaTeX Font Info:    ... okay on input line 11.
LaTeX Font Info:    Checking defaults for U/cmr/m/n on input line 11.
LaTeX Font Info:    ... okay on input line 11.

(/usr/share/texlive/texmf-dist/tex/context/base/mkii/supp-pdf.mkii
[Loading MPS to PDF converter (version 2006.09.02).]
\scratchcounter=\count280
\scratchdimen=\dimen165
\scratchbox=\box53
\nofMPsegments=\count281
\nofMParguments=\count282
\everyMPshowfont=\toks23
\MPscratchCnt=\count283
\MPscratchDim=\dimen166
\MPnumerator=\count284
\makeMPintoPDFobject=\count285
\everyMPtoPDFconversion=\toks24
) (/usr/share/texlive/texmf-dist/tex/latex/epstopdf-pkg/epstopdf-base.sty
Package: epstopdf-base 2020-01-24 v2.11 Base part for package epstopdf
Package epstopdf-base Info: Redefining graphics rule for `.eps' on input line 4
85.

(/usr/share/texlive/texmf-dist/tex/latex/latexconfig/epstopdf-sys.cfg
File: epstopdf-sys.cfg 2010/07/13 v1.3 Configuration of (r)epstopdf for TeX Liv
e
))
Package caption Info: Begin \AtBeginDocument code.
Package caption Info: End \AtBeginDocument code.

*geometry* driver: auto-detecting
*geometry* detected driver: pdftex
*geometry* verbose mode - [ preamble ] result:
* driver: pdftex
* paper: a4paper
* layout: <same size as paper>
* layoutoffset:(h,v)=(0.0pt,0.0pt)
* modes: 
* h-part:(L,W,R)=(56.9055pt, 483.69687pt, 56.9055pt)
* v-part:(T,H,B)=(56.9055pt, 731.23584pt, 56.9055pt)
* \paperwidth=597.50787pt
* \paperheight=845.04684pt
* \textwidth=483.69687pt
* \textheight=731.23584pt
* \oddsidemargin=-15.36449pt
* \evensidemargin=-15.36449pt
* \topmargin=-52.36449pt
* \headheight=12.0pt
* \headsep=25.0pt
* \topskip=12.0pt
* \footskip=30.0pt
* \marginparwidth=35.0pt
* \marginparsep=10.0pt
* \columnsep=10.0pt
* \skip\footins=10.8pt plus 4.0pt minus 2.0pt
* \hoffset=0.0pt
* \voffset=0.0pt
* \mag=1000
* \@twocolumnfalse
* \@twosidefalse
* \@mparswitchfalse
* \@reversemarginfalse
* (1in=72.27pt=25.4mm, 1cm=28.453pt)

<images/Peter_Higgs.jpg, id=1, 711.3777pt x 426.8748pt>
File: images/Peter_Higgs.jpg Graphic file (type jpg)
<use images/Peter_Higgs.jpg>
Package pdftex.def Info: images/Peter_Higgs.jpg  used on input line 15.
(pdftex.def)             Requested size: 355.68797pt x 213.43687pt.
<images/higgs_englert_pizarra.jpeg, id=2, 1003.75pt x 697.60625pt>
File: images/higgs_englert_pizarra.jpeg Graphic file (type jpg)
<use images/higgs_englert_pizarra.jpeg>
Package pdftex.def Info: images/higgs_englert_pizarra.jpeg  used on input line 
21.
(pdftex.def)             Requested size: 501.87378pt x 348.80226pt.

Overfull \hbox (18.17691pt too wide) in paragraph at lines 21--22
[][] 
 []

<images/higgs_lhc.jpg, id=3, 734.745pt x 413.29407pt>
File: images/higgs_lhc.jpg Graphic file (type jpg)
<use images/higgs_lhc.jpg>
Package pdftex.def Info: images/higgs_lhc.jpg  used on input line 26.
(pdftex.def)             Requested size: 367.3716pt x 206.64651pt.
<images/higgs_anuncio.jpg, id=4, 1204.5pt x 677.53125pt>
File: images/higgs_anuncio.jpg Graphic file (type jpg)
<use images/higgs_anuncio.jpg>
Package pdftex.def Info: images/higgs_anuncio.jpg  used on input line 31.
(pdftex.def)             Requested size: 240.89574pt x 135.50385pt.
<images/higgs_englert.jpeg, id=5, 300.12125pt x 168.63pt>
File: images/higgs_englert.jpeg Graphic file (type jpg)
<use images/higgs_englert.jpeg>
Package pdftex.def Info: images/higgs_englert.jpeg  used on input line 36.
(pdftex.def)             Requested size: 300.12051pt x 168.62958pt.
<images/higgs_englert2.jpeg, id=6, 780.9175pt x 598.235pt>
File: images/higgs_englert2.jpeg Graphic file (type jpg)
<use images/higgs_englert2.jpeg>
Package pdftex.def Info: images/higgs_englert2.jpeg  used on input line 41.
(pdftex.def)             Requested size: 390.4578pt x 299.11676pt.
<images/higgs_englert3.jpeg, id=7, 246.6816pt x 177.5433pt>
File: images/higgs_englert3.jpeg Graphic file (type jpg)
<use images/higgs_englert3.jpeg>
Package pdftex.def Info: images/higgs_englert3.jpeg  used on input line 46.
(pdftex.def)             Requested size: 246.68098pt x 177.54285pt.
<images/higgslhc2.jpg, id=8, 853.5087pt x 402.303pt>
File: images/higgslhc2.jpg Graphic file (type jpg)
<use images/higgslhc2.jpg>
Package pdftex.def Info: images/higgslhc2.jpg  used on input line 51.
(pdftex.def)             Requested size: 426.75331pt x 201.151pt.
<images/brout_englert.png, id=9, 1277.77374pt x 517.935pt>
File: images/brout_englert.png Graphic file (type png)
<use images/brout_englert.png>
Package pdftex.def Info: images/brout_englert.png  used on input line 57.
(pdftex.def)             Requested size: 383.33508pt x 155.38168pt.
<images/hagen.jpg, id=11, 62.634pt x 47.9391pt>
File: images/hagen.jpg Graphic file (type jpg)
<use images/hagen.jpg>
Package pdftex.def Info: images/hagen.jpg  used on input line 63.
(pdftex.def)             Requested size: 125.26767pt x 95.87793pt.
LaTeX Font Info:    Trying to load font information for U+msa on input line 64.

(/usr/share/texlive/texmf-dist/tex/latex/amsfonts/umsa.fd
File: umsa.fd 2013/01/14 v3.01 AMS symbols A
)
LaTeX Font Info:    Trying to load font information for U+msb on input line 64.


(/usr/share/texlive/texmf-dist/tex/latex/amsfonts/umsb.fd
File: umsb.fd 2013/01/14 v3.01 AMS symbols B
)
<images/guralnik.jpg, id=12, 250.9375pt x 222.8325pt>
File: images/guralnik.jpg Graphic file (type jpg)
<use images/guralnik.jpg>
Package pdftex.def Info: images/guralnik.jpg  used on input line 66.
(pdftex.def)             Requested size: 125.46843pt x 111.41597pt.
<images/kibble.jpg, id=13, 220.825pt x 202.7575pt>
File: images/kibble.jpg Graphic file (type jpg)
<use images/kibble.jpg>
Package pdftex.def Info: images/kibble.jpg  used on input line 69.
(pdftex.def)             Requested size: 110.41222pt x 101.3785pt.
<images/anderson.jpg, id=14, 769.87625pt x 1122.1925pt>
File: images/anderson.jpg Graphic file (type jpg)
<use images/anderson.jpg>
Package pdftex.def Info: images/anderson.jpg  used on input line 76.
(pdftex.def)             Requested size: 230.96466pt x 336.66035pt.
<images/higgs_joven.jpeg, id=15, 151.56625pt x 148.555pt>
File: images/higgs_joven.jpeg Graphic file (type jpg)
<use images/higgs_joven.jpeg>
Package pdftex.def Info: images/higgs_joven.jpeg  used on input line 81.
(pdftex.def)             Requested size: 151.56587pt x 148.55463pt.
<images/atlas.jpg, id=16, 810.52812pt x 542.52687pt>
File: images/atlas.jpg Graphic file (type jpg)
<use images/atlas.jpg>
Package pdftex.def Info: images/atlas.jpg  used on input line 87.
(pdftex.def)             Requested size: 218.84552pt x 146.4842pt.
<images/cms.jpeg, id=17, 301.125pt x 168.63pt>
File: images/cms.jpeg Graphic file (type jpg)
<use images/cms.jpeg>
Package pdftex.def Info: images/cms.jpeg  used on input line 90.
(pdftex.def)             Requested size: 271.00998pt x 151.76558pt.

Overfull \hbox (29.16154pt too wide) in paragraph at lines 90--91
[][] 
 []


Overfull \hbox (2.61108pt too wide) in paragraph at lines 86--92
[]$[]$ $[]$ 
 []

<images/migdal.jpg, id=18, 1284.8pt x 963.6pt>
File: images/migdal.jpg Graphic file (type jpg)
<use images/migdal.jpg>
Package pdftex.def Info: images/migdal.jpg  used on input line 98.
(pdftex.def)             Requested size: 231.25401pt x 173.4405pt.
<images/polyakov.jpg, id=19, 997.7275pt x 1084.05pt>
File: images/polyakov.jpg Graphic file (type jpg)
<use images/polyakov.jpg>
Package pdftex.def Info: images/polyakov.jpg  used on input line 101.
(pdftex.def)             Requested size: 149.65266pt x 162.60048pt.

Overfull \hbox (2.61108pt too wide) in paragraph at lines 97--103
[]$[]$ $[]$ 
 []

<images/weinberg.jpeg, id=20, 475.7775pt x 306.14375pt>
File: images/weinberg.jpeg Graphic file (type jpg)
<use images/weinberg.jpeg>
Package pdftex.def Info: images/weinberg.jpeg  used on input line 109.
(pdftex.def)             Requested size: 237.88815pt x 153.07149pt.
<images/salam.jpeg, id=21, 475.7775pt x 316.18124pt>
File: images/salam.jpeg Graphic file (type jpg)
<use images/salam.jpeg>
Package pdftex.def Info: images/salam.jpeg  used on input line 112.
(pdftex.def)             Requested size: 237.88815pt x 158.09023pt.

Overfull \hbox (2.61108pt too wide) in paragraph at lines 108--114
[]$[]$ $[]$ 
 []

[1{/var/lib/texmf/fonts/map/pdftex/updmap/pdftex.map} <./images/Peter_Higgs.jpg
> <./images/higgs_englert_pizarra.jpeg>] [2 <./images/higgs_lhc.jpg> <./images/
higgs_anuncio.jpg> <./images/higgs_englert.jpeg>] [3 <./images/higgs_englert2.j
peg> <./images/higgs_englert3.jpeg>] [4 <./images/higgslhc2.jpg> <./images/brou
t_englert.png> <./images/hagen.jpg> <./images/guralnik.jpg> <./images/kibble.jp
g>] [5 <./images/anderson.jpg> <./images/higgs_joven.jpeg>] [6 <./images/atlas.
jpg> <./images/cms.jpeg> <./images/migdal.jpg> <./images/polyakov.jpg> <./image
s/weinberg.jpeg> <./images/salam.jpeg>] (build/figures.aux) ) 
Here is how much of TeX's memory you used:
 4558 strings out of 478287
 74915 string characters out of 5849289
 368976 words of memory out of 5000000
 22715 multiletter control sequences out of 15000+600000
 473904 words of font info for 46 fonts, out of 8000000 for 9000
 1141 hyphenation exceptions out of 8191
 67i,9n,77p,533b,373s stack positions out of 5000i,500n,10000p,200000b,80000s
</usr/share/texliv
e/texmf-dist/fonts/type1/public/amsfonts/cm/cmr12.pfb>
Output written on build/figures.pdf (6 pages, 4617680 bytes).
PDF statistics:
 50 PDF objects out of 1000 (max. 8388607)
 18 compressed objects within 1 object stream
 0 named destinations out of 1000 (max. 500000)
 101 words of extra memory for PDF output out of 10000 (max. 10000000)

