This is pdfTeX, Version 3.141592653-2.6-1.40.22 (TeX Live 2022/dev/Debian) (preloaded format=pdflatex 2024.3.14)  17 MAY 2024 15:51
entering extended mode
 restricted \write18 enabled.
 %&-line parsing enabled.
**HiggsBoletin3.tex
(./HiggsBoletin3.tex
LaTeX2e <2021-11-15> patch level 1
L3 programming layer <2022-01-21>
(/usr/share/texlive/texmf-dist/tex/latex/base/article.cls
Document Class: article 2021/10/04 v1.4n Standard LaTeX document class
(/usr/share/texlive/texmf-dist/tex/latex/base/size12.clo
File: size12.clo 2021/10/04 v1.4n Standard LaTeX file (size option)
)
\c@part=\count185
\c@section=\count186
\c@subsection=\count187
\c@subsubsection=\count188
\c@paragraph=\count189
\c@subparagraph=\count190
\c@figure=\count191
\c@table=\count192
\abovecaptionskip=\skip47
\belowcaptionskip=\skip48
\bibindent=\dimen138
)
(/usr/share/texlive/texmf-dist/tex/latex/amsmath/amsmath.sty
Package: amsmath 2021/10/15 v2.17l AMS math features
\@mathmargin=\skip49

For additional information on amsmath, use the `?' option.
(/usr/share/texlive/texmf-dist/tex/latex/amsmath/amstext.sty
Package: amstext 2021/08/26 v2.01 AMS text

(/usr/share/texlive/texmf-dist/tex/latex/amsmath/amsgen.sty
File: amsgen.sty 1999/11/30 v2.0 generic functions
\@emptytoks=\toks16
\ex@=\dimen139
))
(/usr/share/texlive/texmf-dist/tex/latex/amsmath/amsbsy.sty
Package: amsbsy 1999/11/29 v1.2d Bold Symbols
\pmbraise@=\dimen140
)
(/usr/share/texlive/texmf-dist/tex/latex/amsmath/amsopn.sty
Package: amsopn 2021/08/26 v2.02 operator names
)
\inf@bad=\count193
LaTeX Info: Redefining \frac on input line 234.
\uproot@=\count194
\leftroot@=\count195
LaTeX Info: Redefining \overline on input line 399.
\classnum@=\count196
\DOTSCASE@=\count197
LaTeX Info: Redefining \ldots on input line 496.
LaTeX Info: Redefining \dots on input line 499.
LaTeX Info: Redefining \cdots on input line 620.
\Mathstrutbox@=\box50
\strutbox@=\box51
\big@size=\dimen141
LaTeX Font Info:    Redeclaring font encoding OML on input line 743.
LaTeX Font Info:    Redeclaring font encoding OMS on input line 744.
\macc@depth=\count198
\c@MaxMatrixCols=\count199
\dotsspace@=\muskip16
\c@parentequation=\count266
\dspbrk@lvl=\count267
\tag@help=\toks17
\row@=\count268
\column@=\count269
\maxfields@=\count270
\andhelp@=\toks18
\eqnshift@=\dimen142
\alignsep@=\dimen143
\tagshift@=\dimen144
\tagwidth@=\dimen145
\totwidth@=\dimen146
\lineht@=\dimen147
\@envbody=\toks19
\multlinegap=\skip50
\multlinetaggap=\skip51
\mathdisplay@stack=\toks20
LaTeX Info: Redefining \[ on input line 2938.
LaTeX Info: Redefining \] on input line 2939.
)
(/usr/share/texlive/texmf-dist/tex/latex/base/latexsym.sty
Package: latexsym 1998/08/17 v2.2e Standard LaTeX package (lasy symbols)
\symlasy=\mathgroup4
LaTeX Font Info:    Overwriting symbol font `lasy' in version `bold'
(Font)                  U/lasy/m/n --> U/lasy/b/n on input line 52.
)
(/usr/share/texlive/texmf-dist/tex/latex/amsfonts/amssymb.sty
Package: amssymb 2013/01/14 v3.01 AMS font symbols

(/usr/share/texlive/texmf-dist/tex/latex/amsfonts/amsfonts.sty
Package: amsfonts 2013/01/14 v3.01 Basic AMSFonts support
\symAMSa=\mathgroup5
\symAMSb=\mathgroup6
LaTeX Font Info:    Redeclaring math symbol \hbar on input line 98.
LaTeX Font Info:    Overwriting math alphabet `\mathfrak' in version `bold'
(Font)                  U/euf/m/n --> U/euf/b/n on input line 106.
))
(/usr/share/texlive/texmf-dist/tex/latex/graphics/graphicx.sty
Package: graphicx 2021/09/16 v1.2d Enhanced LaTeX Graphics (DPC,SPQR)

(/usr/share/texlive/texmf-dist/tex/latex/graphics/keyval.sty
Package: keyval 2014/10/28 v1.15 key=value parser (DPC)
\KV@toks@=\toks21
)
(/usr/share/texlive/texmf-dist/tex/latex/graphics/graphics.sty
Package: graphics 2021/03/04 v1.4d Standard LaTeX Graphics (DPC,SPQR)

(/usr/share/texlive/texmf-dist/tex/latex/graphics/trig.sty
Package: trig 2021/08/11 v1.11 sin cos tan (DPC)
)
(/usr/share/texlive/texmf-dist/tex/latex/graphics-cfg/graphics.cfg
File: graphics.cfg 2016/06/04 v1.11 sample graphics configuration
)
Package graphics Info: Driver file: pdftex.def on input line 107.

(/usr/share/texlive/texmf-dist/tex/latex/graphics-def/pdftex.def
File: pdftex.def 2020/10/05 v1.2a Graphics/color driver for pdftex
))
\Gin@req@height=\dimen148
\Gin@req@width=\dimen149
)
(/usr/share/texlive/texmf-dist/tex/latex/geometry/geometry.sty
Package: geometry 2020/01/02 v5.9 Page Geometry

(/usr/share/texlive/texmf-dist/tex/generic/iftex/ifvtex.sty
Package: ifvtex 2019/10/25 v1.7 ifvtex legacy package. Use iftex instead.

(/usr/share/texlive/texmf-dist/tex/generic/iftex/iftex.sty
Package: iftex 2020/03/06 v1.0d TeX engine tests
))
\Gm@cnth=\count271
\Gm@cntv=\count272
\c@Gm@tempcnt=\count273
\Gm@bindingoffset=\dimen150
\Gm@wd@mp=\dimen151
\Gm@odd@mp=\dimen152
\Gm@even@mp=\dimen153
\Gm@layoutwidth=\dimen154
\Gm@layoutheight=\dimen155
\Gm@layouthoffset=\dimen156
\Gm@layoutvoffset=\dimen157
\Gm@dimlist=\toks22
)
*geometry* verbose mode - [ newgeometry ] result:
* driver: 
* paper: <default>
* layout: <same size as paper>
* layoutoffset:(h,v)=(0.0pt,0.0pt)
* modes: 
* h-part:(L,W,R)=(56.9055pt, 500.484pt, 56.9055pt)
* v-part:(T,H,B)=(56.9055pt, 681.15898pt, 56.9055pt)
* \paperwidth=614.295pt
* \paperheight=794.96999pt
* \textwidth=500.484pt
* \textheight=681.15898pt
* \oddsidemargin=-15.36449pt
* \evensidemargin=-15.36449pt
* \topmargin=-52.36449pt
* \headheight=12.0pt
* \headsep=25.0pt
* \topskip=12.0pt
* \footskip=30.0pt
* \marginparwidth=44.0pt
* \marginparsep=10.0pt
* \columnsep=10.0pt
* \skip\footins=10.8pt plus 4.0pt minus 2.0pt
* \hoffset=0.0pt
* \voffset=0.0pt
* \mag=1000
* \@twocolumnfalse
* \@twosidefalse
* \@mparswitchfalse
* \@reversemarginfalse
* (1in=72.27pt=25.4mm, 1cm=28.453pt)


(/usr/share/texlive/texmf-dist/tex/latex/caption/subcaption.sty
Package: subcaption 2020/10/07 v1.3j Sub-captions (AR)

(/usr/share/texlive/texmf-dist/tex/latex/caption/caption.sty
Package: caption 2020/10/26 v3.5g Customizing captions (AR)

(/usr/share/texlive/texmf-dist/tex/latex/caption/caption3.sty
Package: caption3 2020/10/21 v2.2e caption3 kernel (AR)
\captionmargin=\dimen158
\captionmargin@=\dimen159
\captionwidth=\dimen160
\caption@tempdima=\dimen161
\caption@indent=\dimen162
\caption@parindent=\dimen163
\caption@hangindent=\dimen164
Package caption Info: Standard document class detected.
)
\c@caption@flags=\count274
\c@continuedfloat=\count275
)
\c@subfigure=\count276
\c@subtable=\count277
)
(/usr/share/texlive/texmf-dist/tex/latex/l3backend/l3backend-pdftex.def
File: l3backend-pdftex.def 2022-01-12 L3 backend support: PDF output (pdfTeX)
\l__color_backend_stack_int=\count278
\l__pdf_internal_box=\box52
)
(build/HiggsBoletin3.aux)
\openout1 = `HiggsBoletin3.aux'.

LaTeX Font Info:    Checking defaults for OML/cmm/m/it on input line 22.
LaTeX Font Info:    ... okay on input line 22.
LaTeX Font Info:    Checking defaults for OMS/cmsy/m/n on input line 22.
LaTeX Font Info:    ... okay on input line 22.
LaTeX Font Info:    Checking defaults for OT1/cmr/m/n on input line 22.
LaTeX Font Info:    ... okay on input line 22.
LaTeX Font Info:    Checking defaults for T1/cmr/m/n on input line 22.
LaTeX Font Info:    ... okay on input line 22.
LaTeX Font Info:    Checking defaults for TS1/cmr/m/n on input line 22.
LaTeX Font Info:    ... okay on input line 22.
LaTeX Font Info:    Checking defaults for OMX/cmex/m/n on input line 22.
LaTeX Font Info:    ... okay on input line 22.
LaTeX Font Info:    Checking defaults for U/cmr/m/n on input line 22.
LaTeX Font Info:    ... okay on input line 22.

(/usr/share/texlive/texmf-dist/tex/context/base/mkii/supp-pdf.mkii
[Loading MPS to PDF converter (version 2006.09.02).]
\scratchcounter=\count279
\scratchdimen=\dimen165
\scratchbox=\box53
\nofMPsegments=\count280
\nofMParguments=\count281
\everyMPshowfont=\toks23
\MPscratchCnt=\count282
\MPscratchDim=\dimen166
\MPnumerator=\count283
\makeMPintoPDFobject=\count284
\everyMPtoPDFconversion=\toks24
) (/usr/share/texlive/texmf-dist/tex/latex/epstopdf-pkg/epstopdf-base.sty
Package: epstopdf-base 2020-01-24 v2.11 Base part for package epstopdf
Package epstopdf-base Info: Redefining graphics rule for `.eps' on input line 4
85.

(/usr/share/texlive/texmf-dist/tex/latex/latexconfig/epstopdf-sys.cfg
File: epstopdf-sys.cfg 2010/07/13 v1.3 Configuration of (r)epstopdf for TeX Liv
e
))
*geometry* driver: auto-detecting
*geometry* detected driver: pdftex
*geometry* verbose mode - [ preamble ] result:
* driver: pdftex
* paper: <default>
* layout: <same size as paper>
* layoutoffset:(h,v)=(0.0pt,0.0pt)
* modes: 
* h-part:(L,W,R)=(56.9055pt, 500.484pt, 56.9055pt)
* v-part:(T,H,B)=(56.9055pt, 681.15898pt, 56.9055pt)
* \paperwidth=614.295pt
* \paperheight=794.96999pt
* \textwidth=500.484pt
* \textheight=681.15898pt
* \oddsidemargin=-15.36449pt
* \evensidemargin=-15.36449pt
* \topmargin=-52.36449pt
* \headheight=12.0pt
* \headsep=25.0pt
* \topskip=12.0pt
* \footskip=30.0pt
* \marginparwidth=44.0pt
* \marginparsep=10.0pt
* \columnsep=10.0pt
* \skip\footins=10.8pt plus 4.0pt minus 2.0pt
* \hoffset=0.0pt
* \voffset=0.0pt
* \mag=1000
* \@twocolumnfalse
* \@twosidefalse
* \@mparswitchfalse
* \@reversemarginfalse
* (1in=72.27pt=25.4mm, 1cm=28.453pt)

Package caption Info: Begin \AtBeginDocument code.
Package caption Info: End \AtBeginDocument code.
LaTeX Font Info:    Trying to load font information for U+lasy on input line 26
.
(/usr/share/texlive/texmf-dist/tex/latex/base/ulasy.fd
File: ulasy.fd 1998/08/17 v2.2e LaTeX symbol font definitions
)
LaTeX Font Info:    Trying to load font information for U+msa on input line 26.


(/usr/share/texlive/texmf-dist/tex/latex/amsfonts/umsa.fd
File: umsa.fd 2013/01/14 v3.01 AMS symbols A
)
LaTeX Font Info:    Trying to load font information for U+msb on input line 26.


(/usr/share/texlive/texmf-dist/tex/latex/amsfonts/umsb.fd
File: umsb.fd 2013/01/14 v3.01 AMS symbols B
) (./abs.tex)
(./sec1a.tex
<images/higgs_joven.jpeg, id=1, 151.56625pt x 148.555pt>
File: images/higgs_joven.jpeg Graphic file (type jpg)
<use images/higgs_joven.jpeg>
Package pdftex.def Info: images/higgs_joven.jpeg  used on input line 52.
(pdftex.def)             Requested size: 121.25316pt x 118.84415pt.
<images/brout_englert.png, id=2, 1277.77374pt x 517.935pt>
File: images/brout_englert.png Graphic file (type png)
<use images/brout_englert.png>
Package pdftex.def Info: images/brout_englert.png  used on input line 57.
(pdftex.def)             Requested size: 319.44266pt x 129.48343pt.

Overfull \hbox (19.14922pt too wide) in paragraph at lines 57--58
 [][] 
 []

<images/hagen.jpg, id=4, 62.634pt x 47.9391pt>
File: images/hagen.jpg Graphic file (type jpg)
<use images/hagen.jpg>
Package pdftex.def Info: images/hagen.jpg  used on input line 65.
(pdftex.def)             Requested size: 125.26767pt x 95.87793pt.
<images/guralnik.jpg, id=5, 250.9375pt x 222.8325pt>
File: images/guralnik.jpg Graphic file (type jpg)
<use images/guralnik.jpg>
Package pdftex.def Info: images/guralnik.jpg  used on input line 68.
(pdftex.def)             Requested size: 125.46843pt x 111.41597pt.
<images/kibble.jpg, id=6, 220.825pt x 202.7575pt>
File: images/kibble.jpg Graphic file (type jpg)
<use images/kibble.jpg>
Package pdftex.def Info: images/kibble.jpg  used on input line 71.
(pdftex.def)             Requested size: 110.41222pt x 101.3785pt.
<images/migdal.jpg, id=7, 1284.8pt x 963.6pt>
File: images/migdal.jpg Graphic file (type jpg)
<use images/migdal.jpg>
Package pdftex.def Info: images/migdal.jpg  used on input line 81.
(pdftex.def)             Requested size: 154.16934pt x 115.627pt.
<images/polyakov.jpg, id=8, 997.7275pt x 1084.05pt>
File: images/polyakov.jpg Graphic file (type jpg)
<use images/polyakov.jpg>
Package pdftex.def Info: images/polyakov.jpg  used on input line 83.
(pdftex.def)             Requested size: 109.75035pt x 119.24586pt.
<images/anderson.jpg, id=9, 769.87625pt x 1122.1925pt>
File: images/anderson.jpg Graphic file (type jpg)
<use images/anderson.jpg>
Package pdftex.def Info: images/anderson.jpg  used on input line 91.
(pdftex.def)             Requested size: 156.90274pt x 188.07622pt.
<images/higgs_englert_pizarra.jpeg, id=11, 1003.75pt x 697.60625pt>
File: images/higgs_englert_pizarra.jpeg Graphic file (type jpg)
<use images/higgs_englert_pizarra.jpeg>
Package pdftex.def Info: images/higgs_englert_pizarra.jpeg  used on input line 
98.
(pdftex.def)             Requested size: 301.12732pt x 209.28348pt.
[1


{/var/lib/texmf/fonts/map/pdftex/updmap/pdftex.map}] [2 <./images/higgs_joven.j
peg> <./images/brout_englert.png> <./images/hagen.jpg> <./images/guralnik.jpg> 
<./images/kibble.jpg> <./images/migdal.jpg> <./images/polyakov.jpg>] [3 <./imag
es/anderson.jpg> <./images/higgs_englert_pizarra.jpeg>]
<images/weinberg.jpeg, id=30, 475.7775pt x 306.14375pt>
File: images/weinberg.jpeg Graphic file (type jpg)
<use images/weinberg.jpeg>
Package pdftex.def Info: images/weinberg.jpeg  used on input line 158.
(pdftex.def)             Requested size: 237.88815pt x 153.07149pt.
<images/salam.jpeg, id=31, 475.7775pt x 316.18124pt>
File: images/salam.jpeg Graphic file (type jpg)
<use images/salam.jpeg>
Package pdftex.def Info: images/salam.jpeg  used on input line 161.
(pdftex.def)             Requested size: 237.88815pt x 158.09023pt.

Overfull \hbox (2.61107pt too wide) in paragraph at lines 157--163
[]$[]$ $[]$ 
 []

<images/glashow.jpeg, id=32, 183.68625pt x 276.03125pt>
File: images/glashow.jpeg Graphic file (type jpg)
<use images/glashow.jpeg>
Package pdftex.def Info: images/glashow.jpeg  used on input line 170.
(pdftex.def)             Requested size: 82.65804pt x 124.2129pt.
<images/thooft.jpg, id=33, 513.92pt x 513.92pt>
File: images/thooft.jpg Graphic file (type jpg)
<use images/thooft.jpg>
Package pdftex.def Info: images/thooft.jpg  used on input line 173.
(pdftex.def)             Requested size: 128.47968pt x 128.47968pt.
[4 <./images/weinberg.jpeg> <./images/salam.jpeg>]
Underfull \hbox (badness 10000) in paragraph at lines 229--234

 []


Underfull \hbox (badness 10000) in paragraph at lines 250--253

 []

[5 <./images/glashow.jpeg> <./images/thooft.jpg>]
<images/atlas.jpg, id=43, 810.52812pt x 542.52687pt>
File: images/atlas.jpg Graphic file (type jpg)
<use images/atlas.jpg>
Package pdftex.def Info: images/atlas.jpg  used on input line 287.
(pdftex.def)             Requested size: 218.84552pt x 146.4842pt.
<images/cms.jpeg, id=44, 301.125pt x 168.63pt>
File: images/cms.jpeg Graphic file (type jpg)
<use images/cms.jpeg>
Package pdftex.def Info: images/cms.jpeg  used on input line 290.
(pdftex.def)             Requested size: 271.00998pt x 151.76558pt.

Overfull \hbox (20.76799pt too wide) in paragraph at lines 290--291
[][] 
 []


Overfull \hbox (2.61107pt too wide) in paragraph at lines 286--292
[]$[]$ $[]$ 
 []

<images/higgs_englert3.jpeg, id=45, 246.6816pt x 177.5433pt>
File: images/higgs_englert3.jpeg Graphic file (type jpg)
<use images/higgs_englert3.jpeg>
Package pdftex.def Info: images/higgs_englert3.jpeg  used on input line 318.
(pdftex.def)             Requested size: 246.68098pt x 177.54285pt.
) (./sec2a.tex [6 <./images/atlas.jpg> <./images/cms.jpeg>] [7 <./images/higgs_
englert3.jpeg>]
<images/quiral.png, id=54, 255.20343pt x 93.34875pt>
File: images/quiral.png Graphic file (type png)
<use images/quiral.png>
Package pdftex.def Info: images/quiral.png  used on input line 80.
(pdftex.def)             Requested size: 255.2028pt x 93.34851pt.
 [8 <./images/quiral.png>] [9]
<images/higgspotential.pdf, id=67, 141.91318pt x 104.65198pt>
File: images/higgspotential.pdf Graphic file (type pdf)
<use images/higgspotential.pdf>
Package pdftex.def Info: images/higgspotential.pdf  used on input line 226.
(pdftex.def)             Requested size: 283.82565pt x 209.30344pt.
 [10 <./images/higgspotential.pdf>]
<images/atlas-higgs.jpg, id=89, 1351.0475pt x 1084.05pt>
File: images/atlas-higgs.jpg Graphic file (type jpg)
<use images/atlas-higgs.jpg>
Package pdftex.def Info: images/atlas-higgs.jpg  used on input line 281.
(pdftex.def)             Requested size: 270.20471pt x 216.80615pt.
<images/lhc.jpg, id=90, 960.58875pt x 335.2525pt>
File: images/lhc.jpg Graphic file (type jpg)
<use images/lhc.jpg>
Package pdftex.def Info: images/lhc.jpg  used on input line 287.
(pdftex.def)             Requested size: 384.22868pt x 134.09862pt.
 [11 <./images/atlas-higgs.jpg>] [12 <./images/lhc.jpg>]) (./refs.tex [13])
[14] (build/HiggsBoletin3.aux) ) 
Here is how much of TeX's memory you used:
 4669 strings out of 478287
 76632 string characters out of 5849289
 375026 words of memory out of 5000000
 22797 multiletter control sequences out of 15000+600000
 479489 words of font info for 72 fonts, out of 8000000 for 9000
 1141 hyphenation exceptions out of 8191
 67i,9n,77p,912b,472s stack positions out of 5000i,500n,10000p,200000b,80000s
{/usr/share/texmf/fonts/enc/dvips/cm-super/cm-s
uper-ts1.enc}</usr/share/texlive/texmf-dist/fonts/type1/public/amsfonts/cm/cmbx
12.pfb></usr/share/texlive/texmf-dist/fonts/type1/public/amsfonts/cm/cmmi10.pfb
></usr/share/texlive/texmf-dist/fonts/type1/public/amsfonts/cm/cmmi12.pfb></usr
/share/texlive/texmf-dist/fonts/type1/public/amsfonts/cm/cmmi8.pfb></usr/share/
texlive/texmf-dist/fonts/type1/public/amsfonts/cm/cmr10.pfb></usr/share/texlive
/texmf-dist/fonts/type1/public/amsfonts/cm/cmr12.pfb></usr/share/texlive/texmf-
dist/fonts/type1/public/amsfonts/cm/cmr7.pfb></usr/share/texlive/texmf-dist/fon
ts/type1/public/amsfonts/cm/cmr8.pfb></usr/share/texlive/texmf-dist/fonts/type1
/public/amsfonts/cm/cmsy10.pfb></usr/share/texlive/texmf-dist/fonts/type1/publi
c/amsfonts/cm/cmsy7.pfb></usr/share/texlive/texmf-dist/fonts/type1/public/amsfo
nts/cm/cmsy8.pfb></usr/share/texlive/texmf-dist/fonts/type1/public/amsfonts/cm/
cmti12.pfb></usr/share/texlive/texmf-dist/fonts/type1/public/amsfonts/symbols/m
sbm10.pfb></usr/share/texmf/fonts/type1/public/cm-super/sfrm1200.pfb>
Output written on build/HiggsBoletin3.pdf (14 pages, 2890085 bytes).
PDF statistics:
 164 PDF objects out of 1000 (max. 8388607)
 91 compressed objects within 1 object stream
 0 named destinations out of 1000 (max. 500000)
 107 words of extra memory for PDF output out of 10000 (max. 10000000)

